-------------------------------------------------------------------------------
Test set: com.springrest.springrest.SpringrestApplicationTests
-------------------------------------------------------------------------------
Tests run: 1, Failures: 0, Errors: 1, Skipped: 0, Time elapsed: 0.115 s <<< FAILURE! - in com.springrest.springrest.SpringrestApplicationTests
com.springrest.springrest.SpringrestApplicationTests  Time elapsed: 0.114 s  <<< ERROR!
java.lang.IllegalStateException: Unable to find a @SpringBootConfiguration, you need to use @ContextConfiguration or @SpringBootTest(classes=...) with your test

